Determining if the pthread_create exist failed with the following output:
Change Dir: /u/adamhl/dev/cs354R/p2/Build/CMakeFiles/CMakeTmp

Run Build Command:/usr/bin/make "cmTryCompileExec1294618272/fast"
make[1]: Entering directory `/v/filer4b/v38q001/adamhl/dev/cs354R/p2/Build/CMakeFiles/CMakeTmp'
/usr/bin/make -f CMakeFiles/cmTryCompileExec1294618272.dir/build.make CMakeFiles/cmTryCompileExec1294618272.dir/build
make[2]: Entering directory `/v/filer4b/v38q001/adamhl/dev/cs354R/p2/Build/CMakeFiles/CMakeTmp'
/usr/bin/cmake -E cmake_progress_report /u/adamhl/dev/cs354R/p2/Build/CMakeFiles/CMakeTmp/CMakeFiles 1
Building C object CMakeFiles/cmTryCompileExec1294618272.dir/CheckSymbolExists.c.o
/usr/bin/cc    -o CMakeFiles/cmTryCompileExec1294618272.dir/CheckSymbolExists.c.o   -c /u/adamhl/dev/cs354R/p2/Build/CMakeFiles/CMakeTmp/CheckSymbolExists.c
Linking C executable cmTryCompileExec1294618272
/usr/bin/cmake -E cmake_link_script CMakeFiles/cmTryCompileExec1294618272.dir/link.txt --verbose=1
/usr/bin/cc       CMakeFiles/cmTryCompileExec1294618272.dir/CheckSymbolExists.c.o  -o cmTryCompileExec1294618272 -rdynamic 
CMakeFiles/cmTryCompileExec1294618272.dir/CheckSymbolExists.c.o: In function `main':
CheckSymbolExists.c:(.text+0x16): undefined reference to `pthread_create'
collect2: error: ld returned 1 exit status
make[2]: *** [cmTryCompileExec1294618272] Error 1
make[2]: Leaving directory `/v/filer4b/v38q001/adamhl/dev/cs354R/p2/Build/CMakeFiles/CMakeTmp'
make[1]: *** [cmTryCompileExec1294618272/fast] Error 2
make[1]: Leaving directory `/v/filer4b/v38q001/adamhl/dev/cs354R/p2/Build/CMakeFiles/CMakeTmp'

File /u/adamhl/dev/cs354R/p2/Build/CMakeFiles/CMakeTmp/CheckSymbolExists.c:
/* */
#include <pthread.h>

int main(int argc, char** argv)
{
  (void)argv;
#ifndef pthread_create
  return ((int*)(&pthread_create))[argc];
#else
  (void)argc;
  return 0;
#endif
}

Determining if the function pthread_create exists in the pthreads failed with the following output:
Change Dir: /u/adamhl/dev/cs354R/p2/Build/CMakeFiles/CMakeTmp

Run Build Command:/usr/bin/make "cmTryCompileExec3227465395/fast"
make[1]: Entering directory `/v/filer4b/v38q001/adamhl/dev/cs354R/p2/Build/CMakeFiles/CMakeTmp'
/usr/bin/make -f CMakeFiles/cmTryCompileExec3227465395.dir/build.make CMakeFiles/cmTryCompileExec3227465395.dir/build
make[2]: Entering directory `/v/filer4b/v38q001/adamhl/dev/cs354R/p2/Build/CMakeFiles/CMakeTmp'
/usr/bin/cmake -E cmake_progress_report /u/adamhl/dev/cs354R/p2/Build/CMakeFiles/CMakeTmp/CMakeFiles 1
Building C object CMakeFiles/cmTryCompileExec3227465395.dir/CheckFunctionExists.c.o
/usr/bin/cc   -DCHECK_FUNCTION_EXISTS=pthread_create   -o CMakeFiles/cmTryCompileExec3227465395.dir/CheckFunctionExists.c.o   -c /usr/share/cmake-2.8/Modules/CheckFunctionExists.c
Linking C executable cmTryCompileExec3227465395
/usr/bin/cmake -E cmake_link_script CMakeFiles/cmTryCompileExec3227465395.dir/link.txt --verbose=1
/usr/bin/cc   -DCHECK_FUNCTION_EXISTS=pthread_create    CMakeFiles/cmTryCompileExec3227465395.dir/CheckFunctionExists.c.o  -o cmTryCompileExec3227465395 -rdynamic -lpthreads 
/usr/bin/ld: cannot find -lpthreads
collect2: error: ld returned 1 exit status
make[2]: *** [cmTryCompileExec3227465395] Error 1
make[2]: Leaving directory `/v/filer4b/v38q001/adamhl/dev/cs354R/p2/Build/CMakeFiles/CMakeTmp'
make[1]: *** [cmTryCompileExec3227465395/fast] Error 2
make[1]: Leaving directory `/v/filer4b/v38q001/adamhl/dev/cs354R/p2/Build/CMakeFiles/CMakeTmp'


